2023-09-25 22:51:52,610 Soldier speed: 2
2023-09-25 22:51:52,610 Soldier position: 9, 8
2023-09-25 22:51:52,611 Connector port: 50050
2023-09-25 22:51:52,614 Soldier started listening on port 50054.
2023-09-25 22:51:52,618 Registered self to connector
2023-09-25 22:51:52,683 Received red zone from commander
2023-09-25 22:51:52,683 Coordinates received: 4, 9
2023-09-25 22:51:52,683 Radius received: 4
2023-09-25 22:51:52,683 Soldier lives: 3
2023-09-25 22:51:52,683 Soldier position: 9, 8
2023-09-25 22:51:52,700 Received red zone from commander
2023-09-25 22:51:52,700 Coordinates received: 5, 1
2023-09-25 22:51:52,700 Radius received: 3
2023-09-25 22:51:52,700 Soldier lives: 3
2023-09-25 22:51:52,700 Soldier position: 9, 8
2023-09-25 22:51:52,716 Received red zone from commander
2023-09-25 22:51:52,717 Coordinates received: 4, 4
2023-09-25 22:51:52,717 Radius received: 1
2023-09-25 22:51:52,717 Soldier lives: 3
2023-09-25 22:51:52,717 Soldier position: 9, 8
2023-09-25 22:51:52,731 Received red zone from commander
2023-09-25 22:51:52,731 Coordinates received: 5, 5
2023-09-25 22:51:52,731 Radius received: 2
2023-09-25 22:51:52,731 Soldier lives: 3
2023-09-25 22:51:52,731 Soldier position: 9, 8
2023-09-25 22:51:52,742 Received red zone from commander
2023-09-25 22:51:52,742 Coordinates received: 3, 0
2023-09-25 22:51:52,742 Radius received: 4
2023-09-25 22:51:52,742 Soldier lives: 3
2023-09-25 22:51:52,742 Soldier position: 9, 8
2023-09-25 22:51:52,753 Received red zone from commander
2023-09-25 22:51:52,753 Coordinates received: 6, 0
2023-09-25 22:51:52,753 Radius received: 1
2023-09-25 22:51:52,753 Soldier lives: 3
2023-09-25 22:51:52,753 Soldier position: 9, 8
2023-09-25 22:51:52,764 Received red zone from commander
2023-09-25 22:51:52,764 Coordinates received: 0, 6
2023-09-25 22:51:52,764 Radius received: 1
2023-09-25 22:51:52,764 Soldier lives: 3
2023-09-25 22:51:52,764 Soldier position: 9, 8
2023-09-25 22:51:52,774 Received red zone from commander
2023-09-25 22:51:52,774 Coordinates received: 0, 1
2023-09-25 22:51:52,774 Radius received: 1
2023-09-25 22:51:52,774 Soldier lives: 3
2023-09-25 22:51:52,774 Soldier position: 9, 8
2023-09-25 22:51:52,785 Received red zone from commander
2023-09-25 22:51:52,785 Coordinates received: 5, 8
2023-09-25 22:51:52,785 Radius received: 4
2023-09-25 22:51:52,785 Soldier lives: 3
2023-09-25 22:51:52,785 Soldier position: 9, 8
2023-09-25 22:51:52,795 Received red zone from commander
2023-09-25 22:51:52,795 Coordinates received: 8, 5
2023-09-25 22:51:52,795 Radius received: 1
2023-09-25 22:51:52,795 Soldier lives: 3
2023-09-25 22:51:52,795 Soldier position: 9, 8
2023-09-25 22:51:52,806 Received red zone from commander
2023-09-25 22:51:52,806 Coordinates received: 1, 0
2023-09-25 22:51:52,806 Radius received: 1
2023-09-25 22:51:52,806 Soldier lives: 3
2023-09-25 22:51:52,806 Soldier position: 9, 8
2023-09-25 22:51:52,816 Received red zone from commander
2023-09-25 22:51:52,816 Coordinates received: 7, 6
2023-09-25 22:51:52,817 Radius received: 2
2023-09-25 22:51:52,817 Soldier lives: 3
2023-09-25 22:51:52,817 Soldier position: 9, 8
2023-09-25 22:51:52,827 Received red zone from commander
2023-09-25 22:51:52,827 Coordinates received: 7, 9
2023-09-25 22:51:52,827 Radius received: 4
2023-09-25 22:51:52,827 Soldier hit
2023-09-25 22:51:52,827 Soldier lives: 2
2023-09-25 22:51:52,827 Soldier position: 9, 8
2023-09-25 22:51:52,836 Received red zone from commander
2023-09-25 22:51:52,836 Coordinates received: 4, 8
2023-09-25 22:51:52,836 Radius received: 4
2023-09-25 22:51:52,836 Soldier lives: 2
2023-09-25 22:51:52,836 Soldier position: 9, 8
2023-09-25 22:51:52,845 Received red zone from commander
2023-09-25 22:51:52,845 Coordinates received: 3, 5
2023-09-25 22:51:52,845 Radius received: 1
2023-09-25 22:51:52,845 Soldier lives: 2
2023-09-25 22:51:52,845 Soldier position: 9, 8
2023-09-25 22:51:52,853 Received red zone from commander
2023-09-25 22:51:52,853 Coordinates received: 4, 2
2023-09-25 22:51:52,853 Radius received: 2
2023-09-25 22:51:52,853 Soldier lives: 2
2023-09-25 22:51:52,853 Soldier position: 9, 8
2023-09-25 22:51:52,861 Received red zone from commander
2023-09-25 22:51:52,861 Coordinates received: 8, 3
2023-09-25 22:51:52,861 Radius received: 2
2023-09-25 22:51:52,861 Soldier lives: 2
2023-09-25 22:51:52,861 Soldier position: 9, 8
2023-09-25 22:51:52,869 Received red zone from commander
2023-09-25 22:51:52,869 Coordinates received: 0, 3
2023-09-25 22:51:52,870 Radius received: 4
2023-09-25 22:51:52,870 Soldier lives: 2
2023-09-25 22:51:52,870 Soldier position: 9, 8
2023-09-25 22:51:52,877 Received red zone from commander
2023-09-25 22:51:52,877 Coordinates received: 3, 5
2023-09-25 22:51:52,877 Radius received: 4
2023-09-25 22:51:52,877 Soldier lives: 2
2023-09-25 22:51:52,877 Soldier position: 9, 8
2023-09-25 22:51:52,884 Received red zone from commander
2023-09-25 22:51:52,884 Coordinates received: 6, 9
2023-09-25 22:51:52,884 Radius received: 3
2023-09-25 22:51:52,884 Soldier lives: 2
2023-09-25 22:51:52,884 Soldier position: 9, 8
2023-09-25 22:51:52,891 Received red zone from commander
2023-09-25 22:51:52,891 Coordinates received: 0, 2
2023-09-25 22:51:52,891 Radius received: 3
2023-09-25 22:51:52,891 Soldier lives: 2
2023-09-25 22:51:52,891 Soldier position: 9, 8
2023-09-25 22:51:52,896 Received red zone from commander
2023-09-25 22:51:52,896 Coordinates received: 1, 5
2023-09-25 22:51:52,896 Radius received: 2
2023-09-25 22:51:52,896 Soldier lives: 2
2023-09-25 22:51:52,896 Soldier position: 9, 8
