2023-09-27 00:18:44,383 Soldier speed: 2
2023-09-27 00:18:44,383 Soldier position: 6, 1
2023-09-27 00:18:44,383 Connector port: 60060
2023-09-27 00:18:44,398 Soldier started listening on port 60063.
2023-09-27 00:18:44,399 Registered self to connector
2023-09-27 00:18:46,748 Received red zone from commander
2023-09-27 00:18:46,749 Coordinates received: 2, 3
2023-09-27 00:18:46,749 Radius received: 1
2023-09-27 00:18:46,755 Soldier lives: 3
2023-09-27 00:18:46,755 Soldier position: 6, 1
2023-09-27 00:18:48,889 Received red zone from commander
2023-09-27 00:18:48,889 Coordinates received: 5, 6
2023-09-27 00:18:48,889 Radius received: 5
2023-09-27 00:18:48,894 Soldier lives: 3
2023-09-27 00:18:48,894 Soldier position: 6, 1
2023-09-27 00:18:51,015 Received red zone from commander
2023-09-27 00:18:51,015 Coordinates received: 9, 7
2023-09-27 00:18:51,015 Radius received: 1
2023-09-27 00:18:51,019 Soldier lives: 3
2023-09-27 00:18:51,019 Soldier position: 6, 1
2023-09-27 00:18:53,142 Received red zone from commander
2023-09-27 00:18:53,143 Coordinates received: 5, 7
2023-09-27 00:18:53,143 Radius received: 4
2023-09-27 00:18:53,148 Soldier lives: 3
2023-09-27 00:18:53,148 Soldier position: 6, 1
2023-09-27 00:18:55,290 Received red zone from commander
2023-09-27 00:18:55,290 Coordinates received: 3, 0
2023-09-27 00:18:55,290 Radius received: 2
2023-09-27 00:18:55,292 Soldier lives: 3
2023-09-27 00:18:55,292 Soldier position: 6, 1
2023-09-27 00:18:57,429 Received red zone from commander
2023-09-27 00:18:57,429 Coordinates received: 7, 1
2023-09-27 00:18:57,429 Radius received: 3
2023-09-27 00:18:57,434 Soldier hit
2023-09-27 00:18:57,434 Soldier lives: 2
2023-09-27 00:18:57,434 Soldier position: 4, 1
2023-09-27 00:18:59,567 Received red zone from commander
2023-09-27 00:18:59,567 Coordinates received: 2, 2
2023-09-27 00:18:59,567 Radius received: 4
2023-09-27 00:18:59,572 Soldier hit
2023-09-27 00:18:59,572 Soldier lives: 1
2023-09-27 00:18:59,572 Soldier position: 6, 1
2023-09-27 00:19:01,726 Received red zone from commander
2023-09-27 00:19:01,726 Coordinates received: 2, 1
2023-09-27 00:19:01,726 Radius received: 2
2023-09-27 00:19:01,730 Soldier lives: 1
2023-09-27 00:19:01,730 Soldier position: 6, 1
2023-09-27 00:19:03,884 Received red zone from commander
2023-09-27 00:19:03,884 Coordinates received: 8, 7
2023-09-27 00:19:03,884 Radius received: 2
2023-09-27 00:19:03,888 Soldier lives: 1
2023-09-27 00:19:03,888 Soldier position: 6, 1
2023-09-27 00:19:06,026 Received red zone from commander
2023-09-27 00:19:06,027 Coordinates received: 8, 0
2023-09-27 00:19:06,027 Radius received: 2
2023-09-27 00:19:06,030 Soldier lives: 1
2023-09-27 00:19:06,030 Soldier position: 6, 1
2023-09-27 00:19:08,175 Received red zone from commander
2023-09-27 00:19:08,175 Coordinates received: 9, 8
2023-09-27 00:19:08,175 Radius received: 3
2023-09-27 00:19:08,179 Soldier lives: 1
2023-09-27 00:19:08,179 Soldier position: 6, 1
2023-09-27 00:19:10,352 Received red zone from commander
2023-09-27 00:19:10,352 Coordinates received: 6, 6
2023-09-27 00:19:10,352 Radius received: 1
2023-09-27 00:19:10,355 Soldier lives: 1
2023-09-27 00:19:10,355 Soldier position: 6, 1
2023-09-27 00:19:14,589 Received red zone from commander
2023-09-27 00:19:14,589 Coordinates received: 5, 5
2023-09-27 00:19:14,589 Radius received: 3
2023-09-27 00:19:14,595 Soldier lives: 1
2023-09-27 00:19:14,595 Soldier position: 6, 1
2023-09-27 00:19:16,684 Received red zone from commander
2023-09-27 00:19:16,685 Coordinates received: 3, 6
2023-09-27 00:19:16,685 Radius received: 1
2023-09-27 00:19:16,688 Soldier lives: 1
2023-09-27 00:19:16,688 Soldier position: 6, 1
2023-09-27 00:19:18,813 Received red zone from commander
2023-09-27 00:19:18,813 Coordinates received: 6, 2
2023-09-27 00:19:18,813 Radius received: 3
2023-09-27 00:19:18,817 Soldier hit
2023-09-27 00:19:18,817 Soldier died
2023-09-27 00:19:18,818 Soldier lives: 0
2023-09-27 00:19:18,818 Soldier position: 6, 1
