2023-09-25 01:50:42,153 Soldier speed: 0
2023-09-25 01:50:42,153 Soldier position: 1, 6
2023-09-25 01:50:42,153 Connector port: 60060
2023-09-25 01:50:42,157 Soldier started listening on port 60061.
2023-09-25 01:50:42,166 Registered self to connector
2023-09-25 01:50:42,224 Received red zone from commander
2023-09-25 01:50:42,224 Coordinates received: 7, 1
2023-09-25 01:50:42,224 Radius received: 3
2023-09-25 01:50:42,224 Soldier lives: 3
2023-09-25 01:50:42,224 Soldier position: 1, 6
2023-09-25 01:50:42,245 Received red zone from commander
2023-09-25 01:50:42,245 Coordinates received: 2, 3
2023-09-25 01:50:42,245 Radius received: 2
2023-09-25 01:50:42,245 Soldier lives: 3
2023-09-25 01:50:42,245 Soldier position: 1, 6
2023-09-25 01:50:42,262 Received red zone from commander
2023-09-25 01:50:42,262 Coordinates received: 1, 0
2023-09-25 01:50:42,262 Radius received: 2
2023-09-25 01:50:42,262 Soldier lives: 3
2023-09-25 01:50:42,262 Soldier position: 1, 6
2023-09-25 01:50:42,278 Received red zone from commander
2023-09-25 01:50:42,278 Coordinates received: 7, 3
2023-09-25 01:50:42,278 Radius received: 2
2023-09-25 01:50:42,278 Soldier lives: 3
2023-09-25 01:50:42,278 Soldier position: 1, 6
2023-09-25 01:50:42,294 Received red zone from commander
2023-09-25 01:50:42,294 Coordinates received: 7, 7
2023-09-25 01:50:42,294 Radius received: 4
2023-09-25 01:50:42,294 Soldier lives: 3
2023-09-25 01:50:42,294 Soldier position: 1, 6
2023-09-25 01:50:42,310 Received red zone from commander
2023-09-25 01:50:42,311 Coordinates received: 3, 0
2023-09-25 01:50:42,311 Radius received: 4
2023-09-25 01:50:42,311 Soldier lives: 3
2023-09-25 01:50:42,311 Soldier position: 1, 6
2023-09-25 01:50:42,326 Received red zone from commander
2023-09-25 01:50:42,327 Coordinates received: 9, 9
2023-09-25 01:50:42,327 Radius received: 1
2023-09-25 01:50:42,327 Soldier lives: 3
2023-09-25 01:50:42,327 Soldier position: 1, 6
2023-09-25 01:50:42,342 Received red zone from commander
2023-09-25 01:50:42,342 Coordinates received: 6, 0
2023-09-25 01:50:42,342 Radius received: 3
2023-09-25 01:50:42,342 Soldier lives: 3
2023-09-25 01:50:42,342 Soldier position: 1, 6
2023-09-25 01:50:42,358 Received red zone from commander
2023-09-25 01:50:42,358 Coordinates received: 6, 1
2023-09-25 01:50:42,358 Radius received: 1
2023-09-25 01:50:42,358 Soldier lives: 3
2023-09-25 01:50:42,358 Soldier position: 1, 6
2023-09-25 01:50:42,372 Received red zone from commander
2023-09-25 01:50:42,373 Coordinates received: 5, 0
2023-09-25 01:50:42,373 Radius received: 4
2023-09-25 01:50:42,373 Soldier lives: 3
2023-09-25 01:50:42,373 Soldier position: 1, 6
2023-09-25 01:50:42,388 Received red zone from commander
2023-09-25 01:50:42,388 Coordinates received: 6, 8
2023-09-25 01:50:42,388 Radius received: 3
2023-09-25 01:50:42,388 Soldier lives: 3
2023-09-25 01:50:42,388 Soldier position: 1, 6
2023-09-25 01:50:42,403 Received red zone from commander
2023-09-25 01:50:42,404 Coordinates received: 6, 2
2023-09-25 01:50:42,404 Radius received: 3
2023-09-25 01:50:42,404 Soldier lives: 3
2023-09-25 01:50:42,404 Soldier position: 1, 6
2023-09-25 01:50:42,419 Received red zone from commander
2023-09-25 01:50:42,419 Coordinates received: 2, 4
2023-09-25 01:50:42,419 Radius received: 3
2023-09-25 01:50:42,419 Soldier hit
2023-09-25 01:50:42,419 Soldier lives: 2
2023-09-25 01:50:42,419 Soldier position: 1, 6
2023-09-25 01:50:42,435 Received red zone from commander
2023-09-25 01:50:42,435 Coordinates received: 1, 2
2023-09-25 01:50:42,435 Radius received: 2
2023-09-25 01:50:42,435 Soldier lives: 2
2023-09-25 01:50:42,435 Soldier position: 1, 6
2023-09-25 01:50:42,450 Received red zone from commander
2023-09-25 01:50:42,450 Coordinates received: 7, 0
2023-09-25 01:50:42,450 Radius received: 3
2023-09-25 01:50:42,450 Soldier lives: 2
2023-09-25 01:50:42,450 Soldier position: 1, 6
2023-09-25 01:50:42,464 Received red zone from commander
2023-09-25 01:50:42,464 Coordinates received: 1, 1
2023-09-25 01:50:42,464 Radius received: 2
2023-09-25 01:50:42,464 Soldier lives: 2
2023-09-25 01:50:42,464 Soldier position: 1, 6
2023-09-25 01:50:42,478 Received red zone from commander
2023-09-25 01:50:42,478 Coordinates received: 9, 5
2023-09-25 01:50:42,478 Radius received: 1
2023-09-25 01:50:42,478 Soldier lives: 2
2023-09-25 01:50:42,478 Soldier position: 1, 6
2023-09-25 01:50:42,491 Received red zone from commander
2023-09-25 01:50:42,491 Coordinates received: 8, 3
2023-09-25 01:50:42,491 Radius received: 3
2023-09-25 01:50:42,491 Soldier lives: 2
2023-09-25 01:50:42,491 Soldier position: 1, 6
2023-09-25 01:50:42,504 Received red zone from commander
2023-09-25 01:50:42,504 Coordinates received: 9, 1
2023-09-25 01:50:42,504 Radius received: 1
2023-09-25 01:50:42,504 Soldier lives: 2
2023-09-25 01:50:42,504 Soldier position: 1, 6
2023-09-25 01:50:42,516 Received red zone from commander
2023-09-25 01:50:42,516 Coordinates received: 0, 0
2023-09-25 01:50:42,516 Radius received: 1
2023-09-25 01:50:42,516 Soldier lives: 2
2023-09-25 01:50:42,516 Soldier position: 1, 6
2023-09-25 01:50:42,522 Received red zone from commander
2023-09-25 01:50:42,522 Coordinates received: 4, 3
2023-09-25 01:50:42,522 Radius received: 2
2023-09-25 01:50:42,522 Soldier lives: 2
2023-09-25 01:50:42,522 Soldier position: 1, 6
2023-09-25 01:50:42,528 Received red zone from commander
2023-09-25 01:50:42,528 Coordinates received: 7, 7
2023-09-25 01:50:42,528 Radius received: 4
2023-09-25 01:50:42,528 Soldier lives: 2
2023-09-25 01:50:42,528 Soldier position: 1, 6
2023-09-25 01:50:42,533 Received red zone from commander
2023-09-25 01:50:42,533 Coordinates received: 4, 3
2023-09-25 01:50:42,533 Radius received: 2
2023-09-25 01:50:42,533 Soldier lives: 2
2023-09-25 01:50:42,533 Soldier position: 1, 6
2023-09-25 01:50:42,538 Received red zone from commander
2023-09-25 01:50:42,538 Coordinates received: 4, 7
2023-09-25 01:50:42,538 Radius received: 3
2023-09-25 01:50:42,538 Soldier lives: 2
2023-09-25 01:50:42,538 Soldier position: 1, 6
2023-09-25 01:50:42,543 Received red zone from commander
2023-09-25 01:50:42,543 Coordinates received: 5, 0
2023-09-25 01:50:42,543 Radius received: 3
2023-09-25 01:50:42,543 Soldier lives: 2
2023-09-25 01:50:42,543 Soldier position: 1, 6
2023-09-25 01:50:42,548 Received red zone from commander
2023-09-25 01:50:42,548 Coordinates received: 2, 6
2023-09-25 01:50:42,548 Radius received: 1
2023-09-25 01:50:42,548 Soldier lives: 2
2023-09-25 01:50:42,548 Soldier position: 1, 6
2023-09-25 01:50:42,552 Received red zone from commander
2023-09-25 01:50:42,553 Coordinates received: 6, 8
2023-09-25 01:50:42,553 Radius received: 2
2023-09-25 01:50:42,553 Soldier lives: 2
2023-09-25 01:50:42,553 Soldier position: 1, 6
2023-09-25 01:50:42,557 Received red zone from commander
2023-09-25 01:50:42,557 Coordinates received: 7, 4
2023-09-25 01:50:42,558 Radius received: 3
2023-09-25 01:50:42,558 Soldier lives: 2
2023-09-25 01:50:42,558 Soldier position: 1, 6
