2023-09-27 00:56:56,601 Soldier speed: 2
2023-09-27 00:56:56,602 Soldier position: 0, 6
2023-09-27 00:56:56,602 Connector port: 60060
2023-09-27 00:56:56,613 Registered self to connector
2023-09-27 00:56:56,682 Soldier started listening on port 60064.
2023-09-27 00:57:01,759 Received red zone from commander
2023-09-27 00:57:01,759 Coordinates received: 6, 8
2023-09-27 00:57:01,759 Radius received: 2
2023-09-27 00:57:01,769 Soldier lives: 3
2023-09-27 00:57:01,769 Soldier position: 0, 6
2023-09-27 00:57:06,090 Received red zone from commander
2023-09-27 00:57:06,090 Coordinates received: 2, 5
2023-09-27 00:57:06,090 Radius received: 3
2023-09-27 00:57:06,113 Soldier hit
2023-09-27 00:57:06,113 Soldier lives: 2
2023-09-27 00:57:06,113 Soldier position: 0, 6
2023-09-27 00:57:09,855 Received red zone from commander
2023-09-27 00:57:09,856 Coordinates received: 6, 8
2023-09-27 00:57:09,856 Radius received: 2
2023-09-27 00:57:09,876 Soldier lives: 2
2023-09-27 00:57:09,876 Soldier position: 0, 6
2023-09-27 00:57:12,706 Received red zone from commander
2023-09-27 00:57:12,706 Coordinates received: 6, 8
2023-09-27 00:57:12,706 Radius received: 2
2023-09-27 00:57:12,721 Soldier lives: 2
2023-09-27 00:57:12,721 Soldier position: 0, 6
2023-09-27 00:57:16,372 Received red zone from commander
2023-09-27 00:57:16,372 Coordinates received: 2, 8
2023-09-27 00:57:16,372 Radius received: 1
2023-09-27 00:57:16,394 Soldier lives: 2
2023-09-27 00:57:16,395 Soldier position: 0, 6
2023-09-27 00:57:25,425 Received red zone from commander
2023-09-27 00:57:25,425 Coordinates received: 5, 3
2023-09-27 00:57:25,425 Radius received: 1
2023-09-27 00:57:25,446 Soldier lives: 2
2023-09-27 00:57:25,447 Soldier position: 0, 6
2023-09-27 00:57:34,092 Received red zone from commander
2023-09-27 00:57:34,092 Coordinates received: 5, 3
2023-09-27 00:57:34,092 Radius received: 2
2023-09-27 00:57:34,124 Soldier lives: 2
2023-09-27 00:57:34,124 Soldier position: 0, 6
2023-09-27 00:57:37,090 Received red zone from commander
2023-09-27 00:57:37,090 Coordinates received: 8, 7
2023-09-27 00:57:37,090 Radius received: 1
2023-09-27 00:57:37,107 Soldier lives: 2
2023-09-27 00:57:37,107 Soldier position: 0, 6
2023-09-27 00:57:39,813 Received red zone from commander
2023-09-27 00:57:39,813 Coordinates received: 7, 6
2023-09-27 00:57:39,813 Radius received: 1
2023-09-27 00:57:39,837 Soldier lives: 2
2023-09-27 00:57:39,837 Soldier position: 0, 6
2023-09-27 00:57:42,178 Received red zone from commander
2023-09-27 00:57:42,178 Coordinates received: 6, 5
2023-09-27 00:57:42,178 Radius received: 3
2023-09-27 00:57:42,188 Soldier lives: 2
2023-09-27 00:57:42,188 Soldier position: 0, 6
2023-09-27 00:57:45,161 Received red zone from commander
2023-09-27 00:57:45,161 Coordinates received: 9, 9
2023-09-27 00:57:45,161 Radius received: 2
2023-09-27 00:57:45,182 Soldier lives: 2
2023-09-27 00:57:45,183 Soldier position: 0, 6
2023-09-27 00:57:48,011 Received red zone from commander
2023-09-27 00:57:48,011 Coordinates received: 7, 6
2023-09-27 00:57:48,011 Radius received: 1
2023-09-27 00:57:48,020 Soldier lives: 2
2023-09-27 00:57:48,020 Soldier position: 0, 6
2023-09-27 00:57:51,842 Received red zone from commander
2023-09-27 00:57:51,842 Coordinates received: 6, 6
2023-09-27 00:57:51,842 Radius received: 4
2023-09-27 00:57:51,853 Soldier lives: 2
2023-09-27 00:57:51,853 Soldier position: 0, 6
2023-09-27 00:57:55,622 Received red zone from commander
2023-09-27 00:57:55,622 Coordinates received: 6, 6
2023-09-27 00:57:55,622 Radius received: 4
2023-09-27 00:57:55,640 Soldier lives: 2
2023-09-27 00:57:55,640 Soldier position: 0, 6
2023-09-27 00:58:02,764 Received red zone from commander
2023-09-27 00:58:02,764 Coordinates received: 0, 1
2023-09-27 00:58:02,764 Radius received: 5
2023-09-27 00:58:02,783 Soldier lives: 2
2023-09-27 00:58:02,783 Soldier position: 0, 6
2023-09-27 00:58:08,044 Received red zone from commander
2023-09-27 00:58:08,044 Coordinates received: 0, 1
2023-09-27 00:58:08,044 Radius received: 4
2023-09-27 00:58:08,058 Soldier lives: 2
2023-09-27 00:58:08,058 Soldier position: 0, 6
2023-09-27 00:58:16,788 Received red zone from commander
2023-09-27 00:58:16,789 Coordinates received: 6, 2
2023-09-27 00:58:16,789 Radius received: 5
2023-09-27 00:58:16,801 Soldier lives: 2
2023-09-27 00:58:16,801 Soldier position: 0, 6
2023-09-27 00:58:20,599 Received red zone from commander
2023-09-27 00:58:20,599 Coordinates received: 6, 2
2023-09-27 00:58:20,599 Radius received: 3
2023-09-27 00:58:20,617 Soldier lives: 2
2023-09-27 00:58:20,617 Soldier position: 0, 6
2023-09-27 00:58:24,530 Received red zone from commander
2023-09-27 00:58:24,530 Coordinates received: 0, 9
2023-09-27 00:58:24,530 Radius received: 4
2023-09-27 00:58:24,537 Soldier hit
2023-09-27 00:58:24,537 Soldier lives: 1
2023-09-27 00:58:24,537 Soldier position: 0, 6
2023-09-27 00:58:34,454 Received red zone from commander
2023-09-27 00:58:34,455 Coordinates received: 3, 6
2023-09-27 00:58:34,455 Radius received: 5
2023-09-27 00:58:34,463 Soldier hit
2023-09-27 00:58:34,463 Soldier died
2023-09-27 00:58:34,467 Soldier lives: 0
2023-09-27 00:58:34,467 Soldier position: 0, 6
