2023-09-27 16:59:56,786 Soldier speed: 1
2023-09-27 16:59:56,786 Soldier position: 2, 5
2023-09-27 16:59:56,787 Connector port: 60060
2023-09-27 16:59:56,800 Soldier started listening on port 60062.
2023-09-27 16:59:56,806 Registered self to connector
2023-09-27 16:59:57,983 Received red zone from commander
2023-09-27 16:59:57,983 Coordinates received: 6, 9
2023-09-27 16:59:57,983 Radius received: 3
2023-09-27 16:59:57,986 Soldier lives: 3
2023-09-27 16:59:57,986 Soldier position: 2, 5
2023-09-27 17:00:00,119 Received red zone from commander
2023-09-27 17:00:00,119 Coordinates received: 2, 8
2023-09-27 17:00:00,119 Radius received: 3
2023-09-27 17:00:00,124 Soldier lives: 3
2023-09-27 17:00:00,124 Soldier position: 2, 5
2023-09-27 17:00:02,314 Received red zone from commander
2023-09-27 17:00:02,314 Coordinates received: 3, 9
2023-09-27 17:00:02,314 Radius received: 1
2023-09-27 17:00:02,318 Soldier lives: 3
2023-09-27 17:00:02,318 Soldier position: 2, 5
2023-09-27 17:00:04,481 Received red zone from commander
2023-09-27 17:00:04,481 Coordinates received: 2, 0
2023-09-27 17:00:04,481 Radius received: 3
2023-09-27 17:00:04,484 Soldier lives: 3
2023-09-27 17:00:04,484 Soldier position: 2, 5
2023-09-27 17:00:06,663 Received red zone from commander
2023-09-27 17:00:06,663 Coordinates received: 1, 1
2023-09-27 17:00:06,663 Radius received: 3
2023-09-27 17:00:06,672 Soldier lives: 3
2023-09-27 17:00:06,672 Soldier position: 2, 5
