2023-09-28 19:55:04,253 Server started listening on port 60060...
2023-09-28 19:55:05,286 Registering node: 1 IP:172.17.74.74:60061
2023-09-28 19:55:05,371 Registering node: 2 IP:172.17.74.74:60062
2023-09-28 19:55:05,371 All nodes registered
2023-09-28 19:55:05,371 Register to enemy...
2023-09-28 19:55:05,381 Registered to enemy
2023-09-28 19:55:05,401 Registering enemy: 0
2023-09-28 19:55:05,401 Both teams registered
2023-09-28 19:55:05,401 Starting game...
2023-09-28 19:55:05,402 Initial commander: 1
2023-09-28 19:55:05,404 Sending RPC to commander to Attack
2023-09-28 19:55:21,719 Received response from enemy
2023-09-28 19:55:23,264 Received strike from enemy: 4, 4; Type: 4
2023-09-28 19:55:23,264 Executing connector duties...
2023-09-28 19:55:25,602 Hits: 2
2023-09-28 19:55:25,602 Kills: 0
2023-09-28 19:55:25,602 Points added: 2
2023-09-28 19:55:25,602 Current commander: 1
2023-09-28 19:55:25,602 Sending RPC to commander to Attack
2023-09-28 19:55:38,357 Received response from enemy
2023-09-28 19:55:40,705 Received strike from enemy: 3, 2; Type: 5
2023-09-28 19:55:40,705 Executing connector duties...
2023-09-28 19:55:45,268 Hits: 2
2023-09-28 19:55:45,268 Kills: 0
2023-09-28 19:55:45,268 Points added: 2
2023-09-28 19:55:45,268 Current commander: 1
2023-09-28 19:55:45,268 Sending RPC to commander to Attack
2023-09-28 19:55:56,499 Received response from enemy
2023-09-28 19:55:58,065 Received strike from enemy: 1, 0; Type: 2
2023-09-28 19:55:58,065 Executing connector duties...
2023-09-28 19:56:11,974 Hits: 0
2023-09-28 19:56:11,975 Kills: 0
2023-09-28 19:56:11,975 Points added: 0
2023-09-28 19:56:11,975 Current commander: 1
2023-09-28 19:56:11,975 Sending RPC to commander to Attack
2023-09-28 19:56:16,526 Received response from enemy
2023-09-28 19:56:17,919 Received strike from enemy: 3, 2; Type: 2
2023-09-28 19:56:17,919 Executing connector duties...
2023-09-28 19:56:20,498 Hits: 0
2023-09-28 19:56:20,498 Kills: 0
2023-09-28 19:56:20,498 Points added: 0
2023-09-28 19:56:20,498 Current commander: 1
2023-09-28 19:56:20,498 Sending RPC to commander to Attack
2023-09-28 19:56:22,429 Received response from enemy
2023-09-28 19:56:22,429 Congratulations, you win!
2023-09-28 19:56:22,429 Sending result to battalion: 1
2023-09-28 19:56:22,434 Exiting...
