2023-09-15 23:14:43,079 Soldier speed: 2
2023-09-15 23:15:18,238 Received red zone from commander
2023-09-15 23:15:18,238 Coordinates received: 6, 4
2023-09-15 23:15:18,239 Radius received: 4
2023-09-15 23:15:18,239 Soldier hit
2023-09-15 23:15:18,239 Soldier lives: 2
2023-09-15 23:15:18,239 Soldier position: 7, 1
2023-09-15 23:15:45,995 Received red zone from commander
2023-09-15 23:15:45,995 Coordinates received: 6, 8
2023-09-15 23:15:45,995 Radius received: 4
2023-09-15 23:15:45,995 Soldier position: 7, 1
2023-09-15 23:15:45,995 Soldier lives: 2
2023-09-15 23:15:46,753 Received red zone from commander
2023-09-15 23:15:46,753 Coordinates received: 6, 8
2023-09-15 23:15:46,753 Radius received: 4
2023-09-15 23:15:46,753 Soldier position: 7, 1
2023-09-15 23:15:46,753 Soldier lives: 2
2023-09-15 23:15:47,427 Received red zone from commander
2023-09-15 23:15:47,427 Coordinates received: 6, 8
2023-09-15 23:15:47,427 Radius received: 4
2023-09-15 23:15:47,427 Soldier position: 7, 1
2023-09-15 23:15:47,427 Soldier lives: 2
2023-09-15 23:15:47,429 Promoting soldier to commander
2023-09-15 23:15:47,429 Soldier list: [3, 4, 5]
2023-09-15 23:15:54,050 Received alert: 6, 8; Radius: 4
2023-09-15 23:15:54,050 Executing commander duties...
2023-09-15 23:15:54,058 Soldier position: 7, 1
2023-09-15 23:15:54,058 Soldier lives: 2
2023-09-15 23:16:02,262 Received alert: 6, 8; Radius: 4
2023-09-15 23:16:02,262 Executing commander duties...
2023-09-15 23:16:02,263 Soldier position: 7, 1
2023-09-15 23:16:02,264 Soldier lives: 2
2023-09-15 23:16:02,980 Received alert: 6, 8; Radius: 4
2023-09-15 23:16:02,980 Executing commander duties...
2023-09-15 23:16:02,982 Soldier position: 7, 1
2023-09-15 23:16:02,982 Soldier lives: 2
2023-09-15 23:16:03,613 Received alert: 6, 8; Radius: 4
2023-09-15 23:16:03,613 Executing commander duties...
2023-09-15 23:16:03,615 Soldier position: 7, 1
2023-09-15 23:16:03,615 Soldier lives: 2
2023-09-15 23:16:04,354 Received alert: 6, 8; Radius: 4
2023-09-15 23:16:04,354 Executing commander duties...
2023-09-15 23:16:04,356 Soldier position: 7, 1
2023-09-15 23:16:04,356 Soldier lives: 2
2023-09-15 23:16:05,158 Received alert: 6, 8; Radius: 4
2023-09-15 23:16:05,159 Executing commander duties...
2023-09-15 23:16:05,160 Soldier position: 7, 1
2023-09-15 23:16:05,160 Soldier lives: 2
2023-09-15 23:16:06,356 Received alert: 6, 8; Radius: 4
2023-09-15 23:16:06,356 Executing commander duties...
2023-09-15 23:16:06,357 Soldier position: 7, 1
2023-09-15 23:16:06,358 Soldier lives: 2
2023-09-15 23:16:07,097 Received alert: 6, 8; Radius: 4
2023-09-15 23:16:07,097 Executing commander duties...
2023-09-15 23:16:07,099 Soldier position: 7, 1
2023-09-15 23:16:07,099 Soldier lives: 2
2023-09-15 23:18:11,629 Received alert: 7, 1; Radius: 4
2023-09-15 23:18:11,629 Executing commander duties...
2023-09-15 23:18:11,631 Soldier hit
2023-09-15 23:18:11,631 Soldier lives: 1
2023-09-15 23:18:11,631 Soldier position: 7, 1
2023-09-15 23:18:12,458 Received alert: 7, 1; Radius: 4
2023-09-15 23:18:12,458 Executing commander duties...
2023-09-15 23:18:20,583 Received alert: 7, 1; Radius: 4
2023-09-15 23:18:20,583 Executing commander duties...
2023-09-15 23:18:20,583 Soldier hit
2023-09-15 23:18:20,583 Soldier died
2023-09-15 23:18:20,583 Soldier lives: 0
2023-09-15 23:18:20,583 Soldier position: 7, 1
