2023-09-15 23:14:41,216 Soldier speed: 4
2023-09-15 23:15:18,237 Received red zone from commander
2023-09-15 23:15:18,237 Coordinates received: 6, 4
2023-09-15 23:15:18,237 Radius received: 4
2023-09-15 23:15:18,237 Soldier hit
2023-09-15 23:15:18,237 Soldier lives: 2
2023-09-15 23:15:18,237 Soldier position: 9, 1
2023-09-15 23:15:45,994 Received red zone from commander
2023-09-15 23:15:45,994 Coordinates received: 6, 8
2023-09-15 23:15:45,994 Radius received: 4
2023-09-15 23:15:45,994 Soldier position: 9, 1
2023-09-15 23:15:45,994 Soldier lives: 2
2023-09-15 23:15:46,752 Received red zone from commander
2023-09-15 23:15:46,752 Coordinates received: 6, 8
2023-09-15 23:15:46,752 Radius received: 4
2023-09-15 23:15:46,752 Soldier position: 9, 1
2023-09-15 23:15:46,752 Soldier lives: 2
2023-09-15 23:15:54,057 Received red zone from commander
2023-09-15 23:15:54,057 Coordinates received: 6, 8
2023-09-15 23:15:54,057 Radius received: 4
2023-09-15 23:15:54,057 Soldier position: 9, 1
2023-09-15 23:15:54,057 Soldier lives: 2
2023-09-15 23:16:02,263 Received red zone from commander
2023-09-15 23:16:02,263 Coordinates received: 6, 8
2023-09-15 23:16:02,263 Radius received: 4
2023-09-15 23:16:02,263 Soldier position: 9, 1
2023-09-15 23:16:02,263 Soldier lives: 2
2023-09-15 23:16:02,981 Received red zone from commander
2023-09-15 23:16:02,982 Coordinates received: 6, 8
2023-09-15 23:16:02,982 Radius received: 4
2023-09-15 23:16:02,982 Soldier position: 9, 1
2023-09-15 23:16:02,982 Soldier lives: 2
2023-09-15 23:16:03,614 Received red zone from commander
2023-09-15 23:16:03,614 Coordinates received: 6, 8
2023-09-15 23:16:03,614 Radius received: 4
2023-09-15 23:16:03,614 Soldier position: 9, 1
2023-09-15 23:16:03,614 Soldier lives: 2
2023-09-15 23:16:04,355 Received red zone from commander
2023-09-15 23:16:04,355 Coordinates received: 6, 8
2023-09-15 23:16:04,355 Radius received: 4
2023-09-15 23:16:04,355 Soldier position: 9, 1
2023-09-15 23:16:04,355 Soldier lives: 2
2023-09-15 23:16:05,159 Received red zone from commander
2023-09-15 23:16:05,160 Coordinates received: 6, 8
2023-09-15 23:16:05,160 Radius received: 4
2023-09-15 23:16:05,160 Soldier position: 9, 1
2023-09-15 23:16:05,160 Soldier lives: 2
2023-09-15 23:16:06,357 Received red zone from commander
2023-09-15 23:16:06,357 Coordinates received: 6, 8
2023-09-15 23:16:06,357 Radius received: 4
2023-09-15 23:16:06,357 Soldier position: 9, 1
2023-09-15 23:16:06,357 Soldier lives: 2
2023-09-15 23:16:07,098 Received red zone from commander
2023-09-15 23:16:07,098 Coordinates received: 6, 8
2023-09-15 23:16:07,099 Radius received: 4
2023-09-15 23:16:07,099 Soldier position: 9, 1
2023-09-15 23:16:07,099 Soldier lives: 2
2023-09-15 23:18:11,630 Received red zone from commander
2023-09-15 23:18:11,630 Coordinates received: 7, 1
2023-09-15 23:18:11,630 Radius received: 4
2023-09-15 23:18:11,630 Soldier hit
2023-09-15 23:18:11,630 Soldier lives: 1
2023-09-15 23:18:11,630 Soldier position: 9, 1
2023-09-15 23:18:12,459 Received red zone from commander
2023-09-15 23:18:12,459 Coordinates received: 7, 1
2023-09-15 23:18:12,459 Radius received: 4
2023-09-15 23:18:12,459 Soldier hit
2023-09-15 23:18:12,459 Soldier died
2023-09-15 23:18:12,459 Soldier lives: 0
2023-09-15 23:18:12,459 Soldier position: 9, 1
