2023-09-15 23:14:39,508 Soldier speed: 3
2023-09-15 23:15:18,235 Received red zone from commander
2023-09-15 23:15:18,235 Coordinates received: 6, 4
2023-09-15 23:15:18,235 Radius received: 4
2023-09-15 23:15:18,235 Soldier position: 6, 8
2023-09-15 23:15:18,235 Soldier lives: 3
2023-09-15 23:15:45,992 Received red zone from commander
2023-09-15 23:15:45,992 Coordinates received: 6, 8
2023-09-15 23:15:45,992 Radius received: 4
2023-09-15 23:15:45,992 Soldier hit
2023-09-15 23:15:45,992 Soldier lives: 2
2023-09-15 23:15:45,992 Soldier position: 6, 8
2023-09-15 23:15:46,751 Received red zone from commander
2023-09-15 23:15:46,751 Coordinates received: 6, 8
2023-09-15 23:15:46,751 Radius received: 4
2023-09-15 23:15:46,751 Soldier hit
2023-09-15 23:15:46,751 Soldier lives: 1
2023-09-15 23:15:46,751 Soldier position: 6, 8
2023-09-15 23:15:47,425 Received red zone from commander
2023-09-15 23:15:47,426 Coordinates received: 6, 8
2023-09-15 23:15:47,426 Radius received: 4
2023-09-15 23:15:47,426 Soldier hit
2023-09-15 23:15:47,426 Soldier died
2023-09-15 23:15:47,426 Soldier lives: 0
2023-09-15 23:15:47,426 Soldier position: 6, 8
