2023-09-15 23:14:37,195 Soldier speed: 2
2023-09-15 23:15:18,226 Received alert: 6, 4; Radius: 4
2023-09-15 23:15:18,226 Executing commander duties...
2023-09-15 23:15:18,227 Soldier position: 6, 8
2023-09-15 23:15:18,227 Soldier lives: 3
2023-09-15 23:15:45,990 Received alert: 6, 8; Radius: 4
2023-09-15 23:15:45,990 Executing commander duties...
2023-09-15 23:15:45,990 Soldier hit
2023-09-15 23:15:45,990 Soldier lives: 2
2023-09-15 23:15:45,990 Soldier position: 6, 8
2023-09-15 23:15:46,749 Received alert: 6, 8; Radius: 4
2023-09-15 23:15:46,750 Executing commander duties...
2023-09-15 23:15:46,750 Soldier hit
2023-09-15 23:15:46,750 Soldier lives: 1
2023-09-15 23:15:46,750 Soldier position: 6, 8
2023-09-15 23:15:47,423 Received alert: 6, 8; Radius: 4
2023-09-15 23:15:47,423 Executing commander duties...
2023-09-15 23:15:47,423 Soldier hit
2023-09-15 23:15:47,423 Soldier died
2023-09-15 23:15:47,423 Soldier lives: 0
2023-09-15 23:15:47,423 Soldier position: 6, 8
